<?xml version="1.0" encoding="UTF-8"?>
<testsuite xmlns:xsi="http://www.w3.org/2001/XMLSchema-instance" xsi:noNamespaceSchemaLocation="https://maven.apache.org/surefire/maven-surefire-plugin/xsd/surefire-test-report.xsd" version="3.0.2" name="com.harun.eurekaserver.EurekaServerApplicationTests" time="7.021" tests="1" errors="0" skipped="0" failures="0">
  <properties>
[...]
</properties>
  <testcase name="contextLoads" classname="com.harun.eurekaserver.EurekaServerApplicationTests" time="0.825">
    <system-out><![CDATA[Standard Commons Logging discovery in action with spring-jcl: please remove commons-logging.jar from classpath in order to avoid potential conflicts
14:19:52.789 [main] INFO org.springframework.test.context.support.AnnotationConfigContextLoaderUtils -- Could not detect default configuration classes for test class [com.harun.eurekaserver.EurekaServerApplicationTests]: EurekaServerApplicationTests does not declare any static, non-private, non-final, nested classes annotated with @Configuration.
14:19:52.940 [main] INFO org.springframework.boot.test.context.SpringBootTestContextBootstrapper -- Found @SpringBootConfiguration com.harun.eurekaserver.EurekaServerApplication for test class com.harun.eurekaserver.EurekaServerApplicationTests

  .   ____          _            __ _ _
 /\\ / ___'_ __ _ _(_)_ __  __ _ \ \ \ \
( ( )\___ | '_ | '_| | '_ \/ _` | \ \ \ \
 \\/  ___)| |_)| | | | | || (_| |  ) ) ) )
  '  |____| .__|_| |_|_| |_\__, | / / / /
 =========|_|==============|___/=/_/_/_/

 :: Spring Boot ::                (v3.4.1)

2025-02-06T14:19:54.477+03:00  INFO 20032 --- [eureka-server] [           main] c.h.e.EurekaServerApplicationTests       : Starting EurekaServerApplicationTests using Java 21.0.1 with PID 20032 (started by haydemir in C:\Users\haydemir\Pictures\paymentmanagement\microservices\eureka-server)
2025-02-06T14:19:54.478+03:00  INFO 20032 --- [eureka-server] [           main] c.h.e.EurekaServerApplicationTests       : No active profile set, falling back to 1 default profile: "default"
2025-02-06T14:19:54.512+03:00  INFO 20032 --- [eureka-server] [           main] o.s.c.c.c.ConfigServerConfigDataLoader   : Fetching config from server at : http://localhost:8888
2025-02-06T14:19:54.512+03:00  INFO 20032 --- [eureka-server] [           main] o.s.c.c.c.ConfigServerConfigDataLoader   : Located environment: name=eureka-server, profiles=[default], label=null, version=null, state=null
2025-02-06T14:19:55.904+03:00  INFO 20032 --- [eureka-server] [           main] o.s.cloud.context.scope.GenericScope     : BeanFactory id=e5c75c2e-23b7-395e-91b0-c33600885db9
2025-02-06T14:19:56.508+03:00  INFO 20032 --- [eureka-server] [           main] o.s.v.b.OptionalValidatorFactoryBean     : Failed to set up a Bean Validation provider: jakarta.validation.NoProviderFoundException: Unable to create a Configuration, because no Jakarta Bean Validation provider could be found. Add a provider like Hibernate Validator (RI) to your classpath.
2025-02-06T14:19:57.940+03:00  INFO 20032 --- [eureka-server] [           main] o.s.c.n.eureka.InstanceInfoFactory       : Setting initial instance status as: STARTING
2025-02-06T14:19:57.981+03:00  INFO 20032 --- [eureka-server] [           main] com.netflix.discovery.DiscoveryClient    : Initializing Eureka in region us-east-1
2025-02-06T14:19:57.984+03:00  INFO 20032 --- [eureka-server] [           main] com.netflix.discovery.DiscoveryClient    : Client configured to neither register nor query for data.
2025-02-06T14:19:57.986+03:00  INFO 20032 --- [eureka-server] [           main] com.netflix.discovery.DiscoveryClient    : Discovery Client initialized at timestamp 1738840797985 with initial instances count: 0
2025-02-06T14:19:58.046+03:00  INFO 20032 --- [eureka-server] [           main] c.n.eureka.DefaultEurekaServerContext    : Initializing ...
2025-02-06T14:19:58.048+03:00  INFO 20032 --- [eureka-server] [           main] c.n.eureka.cluster.PeerEurekaNodes       : Adding new peer nodes [http://localhost/8761/eureka/]
2025-02-06T14:19:58.241+03:00  INFO 20032 --- [eureka-server] [           main] c.n.d.provider.DiscoveryJerseyProvider   : Using JSON encoding codec LegacyJacksonJson
2025-02-06T14:19:58.241+03:00  INFO 20032 --- [eureka-server] [           main] c.n.d.provider.DiscoveryJerseyProvider   : Using JSON decoding codec LegacyJacksonJson
2025-02-06T14:19:58.242+03:00  INFO 20032 --- [eureka-server] [           main] c.n.d.provider.DiscoveryJerseyProvider   : Using XML encoding codec XStreamXml
2025-02-06T14:19:58.242+03:00  INFO 20032 --- [eureka-server] [           main] c.n.d.provider.DiscoveryJerseyProvider   : Using XML decoding codec XStreamXml
2025-02-06T14:19:58.341+03:00  INFO 20032 --- [eureka-server] [           main] c.n.eureka.cluster.PeerEurekaNodes       : Replica node URL:  http://localhost/8761/eureka/
2025-02-06T14:19:58.351+03:00  INFO 20032 --- [eureka-server] [           main] c.n.e.registry.AbstractInstanceRegistry  : Finished initializing remote region registries. All known remote regions: []
2025-02-06T14:19:58.352+03:00  INFO 20032 --- [eureka-server] [           main] c.n.eureka.DefaultEurekaServerContext    : Initialized
2025-02-06T14:19:58.500+03:00  INFO 20032 --- [eureka-server] [           main] o.s.b.a.e.web.EndpointLinksResolver      : Exposing 2 endpoints beneath base path '/actuator'
2025-02-06T14:19:58.594+03:00  INFO 20032 --- [eureka-server] [           main] o.s.c.n.e.s.EurekaServiceRegistry        : Registering application EUREKA-SERVER with eureka with status UP
2025-02-06T14:19:58.611+03:00  INFO 20032 --- [eureka-server] [      Thread-10] o.s.c.n.e.server.EurekaServerBootstrap   : isAws returned false
2025-02-06T14:19:58.612+03:00  INFO 20032 --- [eureka-server] [      Thread-10] o.s.c.n.e.server.EurekaServerBootstrap   : Initialized server context
2025-02-06T14:19:58.612+03:00  INFO 20032 --- [eureka-server] [      Thread-10] c.n.e.r.PeerAwareInstanceRegistryImpl    : Got 1 instances from neighboring DS node
2025-02-06T14:19:58.612+03:00  INFO 20032 --- [eureka-server] [      Thread-10] c.n.e.r.PeerAwareInstanceRegistryImpl    : Renew threshold is: 1
2025-02-06T14:19:58.613+03:00  INFO 20032 --- [eureka-server] [      Thread-10] c.n.e.r.PeerAwareInstanceRegistryImpl    : Changing status to UP
2025-02-06T14:19:58.616+03:00  INFO 20032 --- [eureka-server] [      Thread-10] e.s.EurekaServerInitializerConfiguration : Started Eureka Server
2025-02-06T14:19:58.619+03:00  INFO 20032 --- [eureka-server] [           main] c.h.e.EurekaServerApplicationTests       : Started EurekaServerApplicationTests in 5.221 seconds (process running for 6.876)
]]></system-out>
    <system-err><![CDATA[Mockito is currently self-attaching to enable the inline-mock-maker. This will no longer work in future releases of the JDK. Please add Mockito as an agent to your build what is described in Mockito's documentation: https://javadoc.io/doc/org.mockito/mockito-core/latest/org/mockito/Mockito.html#0.3
WARNING: A Java agent has been loaded dynamically (C:\Users\haydemir\.m2\repository\net\bytebuddy\byte-buddy-agent\1.15.11\byte-buddy-agent-1.15.11.jar)
WARNING: If a serviceability tool is in use, please run with -XX:+EnableDynamicAgentLoading to hide this warning
WARNING: If a serviceability tool is not in use, please run with -Djdk.instrument.traceUsage for more information
WARNING: Dynamic loading of agents will be disallowed by default in a future release
]]></system-err>
  </testcase>
</testsuite>