<?xml version="1.0" encoding="UTF-8"?>
<testsuite xmlns:xsi="http://www.w3.org/2001/XMLSchema-instance" xsi:noNamespaceSchemaLocation="https://maven.apache.org/surefire/maven-surefire-plugin/xsd/surefire-test-report.xsd" version="3.0.2" name="com.harun.configserver.ConfigServerApplicationTests" time="6.745" tests="1" errors="0" skipped="0" failures="0">
  <properties>
[...]
</properties>
  <testcase name="contextLoads" classname="com.harun.configserver.ConfigServerApplicationTests" time="0.927">
    <system-out><![CDATA[14:09:47.862 [main] INFO org.springframework.test.context.support.AnnotationConfigContextLoaderUtils -- Could not detect default configuration classes for test class [com.harun.configserver.ConfigServerApplicationTests]: ConfigServerApplicationTests does not declare any static, non-private, non-final, nested classes annotated with @Configuration.
14:09:48.008 [main] INFO org.springframework.boot.test.context.SpringBootTestContextBootstrapper -- Found @SpringBootConfiguration com.harun.configserver.ConfigServerApplication for test class com.harun.configserver.ConfigServerApplicationTests

  .   ____          _            __ _ _
 /\\ / ___'_ __ _ _(_)_ __  __ _ \ \ \ \
( ( )\___ | '_ | '_| | '_ \/ _` | \ \ \ \
 \\/  ___)| |_)| | | | | || (_| |  ) ) ) )
  '  |____| .__|_| |_|_| |_\__, | / / / /
 =========|_|==============|___/=/_/_/_/

 :: Spring Boot ::                (v3.4.1)

2025-02-06T14:09:48.867+03:00  INFO 27392 --- [config-server] [           main] c.h.c.ConfigServerApplicationTests       : Starting ConfigServerApplicationTests using Java 21.0.1 with PID 27392 (started by haydemir in C:\Users\haydemir\Pictures\paymentmanagement\microservices\config-server)
2025-02-06T14:09:48.869+03:00  INFO 27392 --- [config-server] [           main] c.h.c.ConfigServerApplicationTests       : The following 1 profile is active: "native"
2025-02-06T14:09:50.626+03:00  INFO 27392 --- [config-server] [           main] o.s.cloud.context.scope.GenericScope     : BeanFactory id=cf6232c1-77a1-3af2-bb5a-093c45e6f4cf
2025-02-06T14:09:52.793+03:00  INFO 27392 --- [config-server] [           main] DiscoveryClientOptionalArgsConfiguration : Eureka HTTP Client uses RestTemplate.
2025-02-06T14:09:53.197+03:00  INFO 27392 --- [config-server] [           main] o.s.b.a.e.web.EndpointLinksResolver      : Exposing 1 endpoint beneath base path '/actuator'
2025-02-06T14:09:53.333+03:00  INFO 27392 --- [config-server] [           main] c.h.c.ConfigServerApplicationTests       : Started ConfigServerApplicationTests in 4.946 seconds (process running for 6.378)
]]></system-out>
    <system-err><![CDATA[Mockito is currently self-attaching to enable the inline-mock-maker. This will no longer work in future releases of the JDK. Please add Mockito as an agent to your build what is described in Mockito's documentation: https://javadoc.io/doc/org.mockito/mockito-core/latest/org/mockito/Mockito.html#0.3
WARNING: A Java agent has been loaded dynamically (C:\Users\haydemir\.m2\repository\net\bytebuddy\byte-buddy-agent\1.15.11\byte-buddy-agent-1.15.11.jar)
WARNING: If a serviceability tool is in use, please run with -XX:+EnableDynamicAgentLoading to hide this warning
WARNING: If a serviceability tool is not in use, please run with -Djdk.instrument.traceUsage for more information
WARNING: Dynamic loading of agents will be disallowed by default in a future release
]]></system-err>
  </testcase>
</testsuite>